<?xml version="1.0" encoding="UTF-8"?>
<robot generator="Robot 3.2.2 (Python 3.11.3 on win32)" generated="20230601 13:00:25.255" rpa="false">
<suite id="s1" name="RobotTest" source="C:\Users\ASUS\eclipse-workspace\RobotTest">
<suite id="s1-s1" name="TestSuite" source="C:\Users\ASUS\eclipse-workspace\RobotTest\TestSuite">
<suite id="s1-s1-s1" name="Checkout" source="C:\Users\ASUS\eclipse-workspace\RobotTest\TestSuite\checkout.robot">
<test id="s1-s1-s1-t1" name="TambahBarang1">
<kw name="Open Browser" library="SeleniumLibrary">
<doc>Opens a new browser instance to the optional ``url``.</doc>
<arguments>
<arg>http://127.0.0.1:8000/login</arg>
<arg>chrome</arg>
</arguments>
<msg timestamp="20230601 13:00:26.077" level="INFO">Opening browser 'chrome' to base url 'http://127.0.0.1:8000/login'.</msg>
<status status="PASS" starttime="20230601 13:00:26.077" endtime="20230601 13:00:33.070"></status>
</kw>
<kw name="Set Selenium Implicit Wait" library="SeleniumLibrary">
<doc>Sets the implicit wait value used by Selenium.</doc>
<arguments>
<arg>5</arg>
</arguments>
<status status="PASS" starttime="20230601 13:00:33.070" endtime="20230601 13:00:33.075"></status>
</kw>
<kw name="Sleep" library="BuiltIn">
<doc>Pauses the test executed for the given time.</doc>
<arguments>
<arg>5</arg>
</arguments>
<msg timestamp="20230601 13:00:38.077" level="INFO">Slept 5 seconds</msg>
<status status="PASS" starttime="20230601 13:00:33.076" endtime="20230601 13:00:38.077"></status>
</kw>
<kw name="Input Text" library="SeleniumLibrary">
<doc>Types the given ``text`` into the text field identified by ``locator``.</doc>
<arguments>
<arg>email</arg>
<arg>admin@gmail.com</arg>
</arguments>
<msg timestamp="20230601 13:00:38.079" level="INFO">Typing text 'admin@gmail.com' into text field 'email'.</msg>
<status status="PASS" starttime="20230601 13:00:38.078" endtime="20230601 13:00:38.317"></status>
</kw>
<kw name="Input Password" library="SeleniumLibrary">
<doc>Types the given password into the text field identified by ``locator``.</doc>
<arguments>
<arg>password</arg>
<arg>password</arg>
</arguments>
<msg timestamp="20230601 13:00:38.318" level="INFO">Typing password into text field 'password'.</msg>
<msg timestamp="20230601 13:00:38.393" level="INFO">Temporally setting log level to: NONE</msg>
<msg timestamp="20230601 13:00:38.581" level="INFO">Log level changed from NONE to INFO.</msg>
<status status="PASS" starttime="20230601 13:00:38.317" endtime="20230601 13:00:38.581"></status>
</kw>
<kw name="Click Element" library="SeleniumLibrary">
<doc>Click the element identified by ``locator``.</doc>
<arguments>
<arg>xpath=/html/body/div[4]/div/div/form/button</arg>
</arguments>
<msg timestamp="20230601 13:00:38.582" level="INFO">Clicking element 'xpath=/html/body/div[4]/div/div/form/button'.</msg>
<status status="PASS" starttime="20230601 13:00:38.582" endtime="20230601 13:00:41.568"></status>
</kw>
<kw name="Click Element" library="SeleniumLibrary">
<doc>Click the element identified by ``locator``.</doc>
<arguments>
<arg>//*[@id="menu"]/li[3]/a</arg>
</arguments>
<msg timestamp="20230601 13:00:41.569" level="INFO">Clicking element '//*[@id="menu"]/li[3]/a'.</msg>
<status status="PASS" starttime="20230601 13:00:41.569" endtime="20230601 13:00:43.312"></status>
</kw>
<kw name="Click Element" library="SeleniumLibrary">
<doc>Click the element identified by ``locator``.</doc>
<arguments>
<arg>xpath=/html/body/div[5]/div/div[2]/div/div/div[1]/span/a</arg>
</arguments>
<msg timestamp="20230601 13:00:43.314" level="INFO">Clicking element 'xpath=/html/body/div[5]/div/div[2]/div/div/div[1]/span/a'.</msg>
<status status="PASS" starttime="20230601 13:00:43.312" endtime="20230601 13:00:44.939"></status>
</kw>
<kw name="Set Selenium Implicit Wait" library="SeleniumLibrary">
<doc>Sets the implicit wait value used by Selenium.</doc>
<arguments>
<arg>5</arg>
</arguments>
<status status="PASS" starttime="20230601 13:00:44.940" endtime="20230601 13:00:44.943"></status>
</kw>
<kw name="Input Text" library="SeleniumLibrary">
<doc>Types the given ``text`` into the text field identified by ``locator``.</doc>
<arguments>
<arg>name</arg>
<arg>moonlighttt</arg>
</arguments>
<msg timestamp="20230601 13:00:44.944" level="INFO">Typing text 'moonlighttt' into text field 'name'.</msg>
<status status="PASS" starttime="20230601 13:00:44.944" endtime="20230601 13:00:45.221"></status>
</kw>
<kw name="Input Text" library="SeleniumLibrary">
<doc>Types the given ``text`` into the text field identified by ``locator``.</doc>
<arguments>
<arg>no_meja</arg>
<arg>17</arg>
</arguments>
<msg timestamp="20230601 13:00:45.224" level="INFO">Typing text '17' into text field 'no_meja'.</msg>
<status status="PASS" starttime="20230601 13:00:45.222" endtime="20230601 13:00:45.438"></status>
</kw>
<kw name="Input Text" library="SeleniumLibrary">
<doc>Types the given ``text`` into the text field identified by ``locator``.</doc>
<arguments>
<arg>description</arg>
<arg>selenophileee</arg>
</arguments>
<msg timestamp="20230601 13:00:45.439" level="INFO">Typing text 'selenophileee' into text field 'description'.</msg>
<status status="PASS" starttime="20230601 13:00:45.439" endtime="20230601 13:00:45.610"></status>
</kw>
<kw name="Click Element" library="SeleniumLibrary">
<doc>Click the element identified by ``locator``.</doc>
<arguments>
<arg>xpath=//html/body/div[5]/div/div[2]/div/div/div[2]/div/form/div[4]/div/button</arg>
</arguments>
<msg timestamp="20230601 13:00:45.611" level="INFO">Clicking element 'xpath=//html/body/div[5]/div/div[2]/div/div/div[2]/div/form/div[4]/div/button'.</msg>
<status status="PASS" starttime="20230601 13:00:45.611" endtime="20230601 13:00:48.094"></status>
</kw>
<kw name="Sleep" library="BuiltIn">
<doc>Pauses the test executed for the given time.</doc>
<arguments>
<arg>10</arg>
</arguments>
<msg timestamp="20230601 13:00:58.096" level="INFO">Slept 10 seconds</msg>
<status status="PASS" starttime="20230601 13:00:48.094" endtime="20230601 13:00:58.097"></status>
</kw>
<kw name="Close Browser" library="SeleniumLibrary">
<doc>Closes the current browser.</doc>
<status status="PASS" starttime="20230601 13:00:58.097" endtime="20230601 13:01:00.702"></status>
</kw>
<kw name="Log" library="BuiltIn">
<doc>Logs the given message with the given level.</doc>
<arguments>
<arg>Test Completed</arg>
</arguments>
<msg timestamp="20230601 13:01:00.705" level="INFO">Test Completed</msg>
<status status="PASS" starttime="20230601 13:01:00.703" endtime="20230601 13:01:00.705"></status>
</kw>
<status status="PASS" starttime="20230601 13:00:26.075" endtime="20230601 13:01:00.706" critical="yes"></status>
</test>
<status status="PASS" starttime="20230601 13:00:25.589" endtime="20230601 13:01:00.709"></status>
</suite>
<status status="PASS" starttime="20230601 13:00:25.573" endtime="20230601 13:01:00.718"></status>
</suite>
<status status="PASS" starttime="20230601 13:00:25.478" endtime="20230601 13:01:00.725"></status>
</suite>
<statistics>
<total>
<stat pass="1" fail="0">Critical Tests</stat>
<stat pass="1" fail="0">All Tests</stat>
</total>
<tag>
</tag>
<suite>
<stat pass="1" fail="0" id="s1" name="RobotTest">RobotTest</stat>
<stat pass="1" fail="0" id="s1-s1" name="TestSuite">RobotTest.TestSuite</stat>
<stat pass="1" fail="0" id="s1-s1-s1" name="Checkout">RobotTest.TestSuite.Checkout</stat>
</suite>
</statistics>
<errors>
</errors>
</robot>
